c:\users\giannis\desktop\minic\minic\minic.tab.cpp
c:\users\giannis\desktop\minic\minic\minic.flex.cpp
c:\users\giannis\desktop\minic\minic\x64\debug\vc142.pdb
c:\users\giannis\desktop\minic\minic\x64\debug\vc142.idb
c:\users\giannis\desktop\minic\minic\x64\debug\main.obj
c:\users\giannis\desktop\minic\minic\x64\debug\symboltable.obj
c:\users\giannis\desktop\minic\minic\x64\debug\minic.tab.obj
c:\users\giannis\desktop\minic\minic\x64\debug\minic.flex.obj
c:\users\giannis\desktop\minic\minic\x64\debug\composite.obj
c:\users\giannis\desktop\minic\minic\x64\debug\compositeconcrete.obj
c:\users\giannis\desktop\minic\x64\debug\minic.exe
c:\users\giannis\desktop\minic\x64\debug\minic.ilk
c:\users\giannis\desktop\minic\x64\debug\minic.pdb
c:\users\giannis\desktop\minic\minic\x64\debug\minic.write.1.tlog
c:\users\giannis\desktop\minic\minic\x64\debug\minic.tlog\cl.command.1.tlog
c:\users\giannis\desktop\minic\minic\x64\debug\minic.tlog\cl.read.1.tlog
c:\users\giannis\desktop\minic\minic\x64\debug\minic.tlog\cl.write.1.tlog
c:\users\giannis\desktop\minic\minic\x64\debug\minic.tlog\link.command.1.tlog
c:\users\giannis\desktop\minic\minic\x64\debug\minic.tlog\link.read.1.tlog
c:\users\giannis\desktop\minic\minic\x64\debug\minic.tlog\link.write.1.tlog
