Build started 3/7/2021 1:52:57 PM.
Logging verbosity is set to: Normal.     1>Project "C:\Users\Giannis\Desktop\MINIC\MINIC\MINIC.vcxproj" on node 2 (Build target(s)).
     1>InitializeBuildStatus:
         Creating "x64\Debug\MINIC.tlog\unsuccessfulbuild" because "AlwaysCreate" was specified.
       BisonTarget:
       Skipping target "BisonTarget" because all output files are up-to-date with respect to the input files.
       FlexTarget:
       Skipping target "FlexTarget" because all output files are up-to-date with respect to the input files.
       ClCompile:
         C:\Program Files (x86)\Microsoft Visual Studio\2019\Community\VC\Tools\MSVC\14.28.29333\bin\HostX86\x64\CL.exe /c /ZI /JMC /nologo /W3 /WX- /diagnostics:column /sdl /Od /D _DEBUG /D _CONSOLE /D _UNICODE /D UNICODE /Gm- /EHsc /RTC1 /MDd /GS /fp:precise /permissive- /Zc:wchar_t /Zc:forScope /Zc:inline /Fo"x64\Debug\\" /Fd"x64\Debug\vc142.pdb" /Gd /TP /FC /errorReport:prompt CompositeConcrete.cpp
         CompositeConcrete.cpp
         The contents of <optional> are available only with C++17 or later.
     1>C:\Users\Giannis\Desktop\MINIC\MINIC\CompositeConcrete.cpp(300,16): warning C4244: '=': conversion from 'double' to 'int', possible loss of data
     1>C:\Users\Giannis\Desktop\MINIC\MINIC\CompositeConcrete.cpp(314,40): warning C4244: '+=': conversion from 'double' to 'int', possible loss of data
     1>C:\Users\Giannis\Desktop\MINIC\MINIC\CompositeConcrete.cpp(319,40): warning C4244: '+=': conversion from 'double' to 'int', possible loss of data
     1>C:\Users\Giannis\Desktop\MINIC\MINIC\CompositeConcrete.cpp(517,31): warning C4244: '=': conversion from 'double' to 'int', possible loss of data
     1>C:\Users\Giannis\Desktop\MINIC\MINIC\CompositeConcrete.cpp(525,31): warning C4267: 'initializing': conversion from 'size_t' to 'int', possible loss of data
     1>C:\Users\Giannis\Desktop\MINIC\MINIC\CompositeConcrete.cpp(324): warning C4715: 'CElems::Evaluate': not all control paths return a value
       Link:
         C:\Program Files (x86)\Microsoft Visual Studio\2019\Community\VC\Tools\MSVC\14.28.29333\bin\HostX86\x64\link.exe /ERRORREPORT:PROMPT /OUT:"C:\Users\Giannis\Desktop\MINIC\x64\Debug\MINIC.exe" /INCREMENTAL /NOLOGO kernel32.lib user32.lib gdi32.lib winspool.lib comdlg32.lib advapi32.lib shell32.lib ole32.lib oleaut32.lib uuid.lib odbc32.lib odbccp32.lib /MANIFEST /MANIFESTUAC:"level='asInvoker' uiAccess='false'" /manifest:embed /DEBUG:FASTLINK /PDB:"C:\Users\Giannis\Desktop\MINIC\x64\Debug\MINIC.pdb" /SUBSYSTEM:CONSOLE /TLBID:1 /DYNAMICBASE /NXCOMPAT /IMPLIB:"C:\Users\Giannis\Desktop\MINIC\x64\Debug\MINIC.lib" /MACHINE:X64 x64\Debug\Composite.obj
         x64\Debug\CompositeConcrete.obj
         x64\Debug\MINIC.flex.obj
         x64\Debug\MINIC.tab.obj
         x64\Debug\main.obj
         x64\Debug\SymbolTable.obj
         MINIC.vcxproj -> C:\Users\Giannis\Desktop\MINIC\x64\Debug\MINIC.exe
       FinalizeBuildStatus:
         Deleting file "x64\Debug\MINIC.tlog\unsuccessfulbuild".
         Touching "x64\Debug\MINIC.tlog\MINIC.lastbuildstate".
     1>Done Building Project "C:\Users\Giannis\Desktop\MINIC\MINIC\MINIC.vcxproj" (Build target(s)).

Build succeeded.

       "C:\Users\Giannis\Desktop\MINIC\MINIC\MINIC.vcxproj" (Build target) (1) ->
       (ClCompile target) -> 
         C:\Users\Giannis\Desktop\MINIC\MINIC\CompositeConcrete.cpp(300,16): warning C4244: '=': conversion from 'double' to 'int', possible loss of data
         C:\Users\Giannis\Desktop\MINIC\MINIC\CompositeConcrete.cpp(314,40): warning C4244: '+=': conversion from 'double' to 'int', possible loss of data
         C:\Users\Giannis\Desktop\MINIC\MINIC\CompositeConcrete.cpp(319,40): warning C4244: '+=': conversion from 'double' to 'int', possible loss of data
         C:\Users\Giannis\Desktop\MINIC\MINIC\CompositeConcrete.cpp(517,31): warning C4244: '=': conversion from 'double' to 'int', possible loss of data
         C:\Users\Giannis\Desktop\MINIC\MINIC\CompositeConcrete.cpp(525,31): warning C4267: 'initializing': conversion from 'size_t' to 'int', possible loss of data
         C:\Users\Giannis\Desktop\MINIC\MINIC\CompositeConcrete.cpp(324): warning C4715: 'CElems::Evaluate': not all control paths return a value

    6 Warning(s)
    0 Error(s)

Time Elapsed 00:00:00.80
